  [1m[35m (0.1ms)[0m  [1m[34mSELECT sqlite_version(*)[0m
  [1m[35m (242.1ms)[0m  [1m[35mCREATE TABLE "schema_migrations" ("version" varchar NOT NULL PRIMARY KEY)[0m
  [1m[35m (87.3ms)[0m  [1m[35mCREATE TABLE "ar_internal_metadata" ("key" varchar NOT NULL PRIMARY KEY, "value" varchar, "created_at" datetime NOT NULL, "updated_at" datetime NOT NULL)[0m
  [1m[35m (0.3ms)[0m  [1m[34mSELECT "schema_migrations"."version" FROM "schema_migrations" ORDER BY "schema_migrations"."version" ASC[0m
Migrating to CreateCars (20180228210633)
  [1m[35m (0.1ms)[0m  [1m[36mbegin transaction[0m
  [1m[35m (0.1ms)[0m  [1m[31mrollback transaction[0m
  [1m[35m (0.1ms)[0m  [1m[34mSELECT "schema_migrations"."version" FROM "schema_migrations" ORDER BY "schema_migrations"."version" ASC[0m
Migrating to CreateCars (20180228210633)
  [1m[35m (0.0ms)[0m  [1m[36mbegin transaction[0m
  [1m[35m (0.1ms)[0m  [1m[34mSELECT sqlite_version(*)[0m
  [1m[35m (0.6ms)[0m  [1m[35mCREATE TABLE "cars" ("id" varchar NOT NULL PRIMARY KEY, "name" varchar, "horsepower" decimal, "price" decimal, "car_type_id" varchar, "created_at" datetime NOT NULL, "updated_at" datetime NOT NULL)[0m
  [1m[35m (0.0ms)[0m  [1m[34m            SELECT sql
            FROM sqlite_master
            WHERE name='sqlite_autoindex_cars_1' AND type='index'
            UNION ALL
            SELECT sql
            FROM sqlite_temp_master
            WHERE name='sqlite_autoindex_cars_1' AND type='index'
[0m
  [1m[35m (0.1ms)[0m  [1m[35mCREATE  INDEX "index_cars_on_car_type_id" ON "cars" ("car_type_id")[0m
  [1m[35mSQL (0.1ms)[0m  [1m[32mINSERT INTO "schema_migrations" ("version") VALUES (?)[0m  [["version", "20180228210633"]]
  [1m[35m (176.5ms)[0m  [1m[36mcommit transaction[0m
Migrating to CreateCarsTypes (20180228211632)
  [1m[35m (0.2ms)[0m  [1m[36mbegin transaction[0m
  [1m[35m (0.9ms)[0m  [1m[35mCREATE TABLE "cars_types" ("id" varchar NOT NULL PRIMARY KEY, "car_type" varchar, "created_at" datetime NOT NULL, "updated_at" datetime NOT NULL)[0m
  [1m[35mSQL (0.1ms)[0m  [1m[32mINSERT INTO "schema_migrations" ("version") VALUES (?)[0m  [["version", "20180228211632"]]
  [1m[35m (87.6ms)[0m  [1m[36mcommit transaction[0m
  [1m[36mActiveRecord::InternalMetadata Load (0.4ms)[0m  [1m[34mSELECT  "ar_internal_metadata".* FROM "ar_internal_metadata" WHERE "ar_internal_metadata"."key" = ? LIMIT ?[0m  [["key", "environment"], ["LIMIT", 1]]
  [1m[35m (0.1ms)[0m  [1m[36mbegin transaction[0m
  [1m[35mSQL (0.5ms)[0m  [1m[32mINSERT INTO "ar_internal_metadata" ("key", "value", "created_at", "updated_at") VALUES (?, ?, ?, ?)[0m  [["key", "environment"], ["value", "development"], ["created_at", "2018-02-28 21:22:38.597708"], ["updated_at", "2018-02-28 21:22:38.597708"]]
  [1m[35m (67.4ms)[0m  [1m[36mcommit transaction[0m
  [1m[35m (0.3ms)[0m  [1m[34mSELECT "schema_migrations"."version" FROM "schema_migrations" ORDER BY "schema_migrations"."version" ASC[0m
  [1m[35m (0.3ms)[0m  [1m[34m            SELECT sql
            FROM sqlite_master
            WHERE name='index_cars_on_car_type_id' AND type='index'
            UNION ALL
            SELECT sql
            FROM sqlite_temp_master
            WHERE name='index_cars_on_car_type_id' AND type='index'
[0m
  [1m[35m (0.2ms)[0m  [1m[34m            SELECT sql
            FROM sqlite_master
            WHERE name='sqlite_autoindex_cars_1' AND type='index'
            UNION ALL
            SELECT sql
            FROM sqlite_temp_master
            WHERE name='sqlite_autoindex_cars_1' AND type='index'
[0m
  [1m[35m (0.3ms)[0m  [1m[34m            SELECT sql
            FROM sqlite_master
            WHERE name='sqlite_autoindex_cars_types_1' AND type='index'
            UNION ALL
            SELECT sql
            FROM sqlite_temp_master
            WHERE name='sqlite_autoindex_cars_types_1' AND type='index'
[0m
Started GET "/api/v1/cars_types" for 127.0.0.1 at 2018-02-28 23:43:39 +0200
  [1m[35m (0.1ms)[0m  [1m[34mSELECT "schema_migrations"."version" FROM "schema_migrations" ORDER BY "schema_migrations"."version" ASC[0m
Processing by Api::V1::CarsTypesController#index as JSON
Locale = en
  Rendered api/v1/_errors.json.jbuilder (36.7ms)
Filter chain halted as :restrict_access_token rendered or redirected
Completed 200 OK in 146ms (Views: 44.8ms | ActiveRecord: 0.0ms)


Started GET "/api/v1/cars_types" for 127.0.0.1 at 2018-02-28 23:45:58 +0200
Processing by Api::V1::CarsTypesController#index as JSON
Locale = en
  Rendered api/v1/_errors.json.jbuilder (1.2ms)
Filter chain halted as :restrict_access_token rendered or redirected
Completed 200 OK in 3ms (Views: 2.1ms | ActiveRecord: 0.0ms)


Started GET "/api/v1/cars_types" for 127.0.0.1 at 2018-02-28 23:48:55 +0200
Processing by Api::V1::CarsTypesController#index as JSON
  Parameters: {"cars_type"=>{}}
Locale = en
  Rendering api/v1/cars_types/index.json.jbuilder within layouts/jsend
  [1m[36mCarsType Load (0.2ms)[0m  [1m[34mSELECT  "cars_types".* FROM "cars_types" ORDER BY "cars_types"."created_at" DESC LIMIT ? OFFSET ?[0m  [["LIMIT", 25], ["OFFSET", 0]]
  Rendered api/v1/cars_types/index.json.jbuilder within layouts/jsend (3.1ms)
Completed 200 OK in 9ms (Views: 5.3ms | ActiveRecord: 0.7ms)


Started POST "/api/v1/cars_types" for 127.0.0.1 at 2018-02-28 23:53:16 +0200
Processing by Api::V1::CarsTypesController#create as JSON
  Parameters: {"cars_type"=>{"car_type"=>"VAN"}}
Locale = en
Can't verify CSRF token authenticity.
  [1m[35m (0.0ms)[0m  [1m[36mbegin transaction[0m
  [1m[35mSQL (0.2ms)[0m  [1m[32mINSERT INTO "cars_types" ("id", "car_type", "created_at", "updated_at") VALUES (?, ?, ?, ?)[0m  [["id", "7d0a08ee-95b0-4061-ad45-8eec4861d461"], ["car_type", "VAN"], ["created_at", "2018-02-28 21:53:26.328172"], ["updated_at", "2018-02-28 21:53:26.328172"]]
  [1m[35m (196.3ms)[0m  [1m[36mcommit transaction[0m
  Rendering api/v1/cars_types/show.json.jbuilder within layouts/jsend
  Rendered api/v1/cars_types/_cars_type.json.jbuilder (117.8ms)
  Rendered api/v1/cars_types/show.json.jbuilder within layouts/jsend (120.4ms)
SOME ERROR undefined method `cars_type_url' for #<#<Class:0x0000559f22958ca8>:0x0000559f2294a2c0>
  Rendered api/v1/_errors.json.jbuilder (1.3ms)
Completed 200 OK in 334ms (Views: 1.9ms | ActiveRecord: 197.2ms)


Started GET "/api/v1/cars_types" for 127.0.0.1 at 2018-02-28 23:54:16 +0200
Processing by Api::V1::CarsTypesController#index as JSON
  Parameters: {"cars_type"=>{}}
Locale = en
  Rendering api/v1/cars_types/index.json.jbuilder within layouts/jsend
  [1m[36mCarsType Load (0.2ms)[0m  [1m[34mSELECT  "cars_types".* FROM "cars_types" ORDER BY "cars_types"."created_at" DESC LIMIT ? OFFSET ?[0m  [["LIMIT", 25], ["OFFSET", 0]]
  [1m[36mCar Load (0.4ms)[0m  [1m[34mSELECT "cars".* FROM "cars" WHERE "cars"."cars_type_id" = '7d0a08ee-95b0-4061-ad45-8eec4861d461'[0m
  Rendered api/v1/cars_types/index.json.jbuilder within layouts/jsend (13.3ms)
SOME ERROR SQLite3::SQLException: no such column: cars.cars_type_id: SELECT "cars".* FROM "cars" WHERE "cars"."cars_type_id" = '7d0a08ee-95b0-4061-ad45-8eec4861d461'
  Rendered api/v1/_errors.json.jbuilder (1.2ms)
Completed 200 OK in 17ms (Views: 2.0ms | ActiveRecord: 0.9ms)


Started GET "/api/v1/cars_types" for 127.0.0.1 at 2018-02-28 23:55:13 +0200
Processing by Api::V1::CarsTypesController#index as JSON
  Parameters: {"cars_type"=>{}}
Locale = en
  Rendering api/v1/cars_types/index.json.jbuilder within layouts/jsend
  [1m[36mCarsType Load (0.1ms)[0m  [1m[34mSELECT  "cars_types".* FROM "cars_types" ORDER BY "cars_types"."created_at" DESC LIMIT ? OFFSET ?[0m  [["LIMIT", 25], ["OFFSET", 0]]
  Rendered api/v1/cars_types/_cars_type.json.jbuilder (0.3ms)
  Rendered api/v1/cars_types/index.json.jbuilder within layouts/jsend (3.7ms)
Completed 200 OK in 6ms (Views: 4.9ms | ActiveRecord: 0.9ms)


Started PUT "/api/v1/cars_types/7d0a08ee-95b0-4061-ad45-8eec4861d461" for 127.0.0.1 at 2018-02-28 23:58:08 +0200
Processing by Api::V1::CarsTypesController#update as JSON
  Parameters: {"cars_type"=>{"car_type"=>"VAN1"}, "id"=>"7d0a08ee-95b0-4061-ad45-8eec4861d461"}
Locale = en
Can't verify CSRF token authenticity.
  [1m[36mCarsType Load (0.2ms)[0m  [1m[34mSELECT  "cars_types".* FROM "cars_types" WHERE "cars_types"."id" = ? LIMIT ?[0m  [["id", "7d0a08ee-95b0-4061-ad45-8eec4861d461"], ["LIMIT", 1]]
  [1m[35m (0.1ms)[0m  [1m[36mbegin transaction[0m
  [1m[35mSQL (0.2ms)[0m  [1m[33mUPDATE "cars_types" SET "car_type" = ?, "updated_at" = ? WHERE "cars_types"."id" = ?[0m  [["car_type", "VAN1"], ["updated_at", "2018-02-28 21:58:09.037395"], ["id", "7d0a08ee-95b0-4061-ad45-8eec4861d461"]]
  [1m[35m (107.3ms)[0m  [1m[36mcommit transaction[0m
  Rendering api/v1/cars_types/show.json.jbuilder within layouts/jsend
  Rendered api/v1/cars_types/_cars_type.json.jbuilder (1.3ms)
  Rendered api/v1/_validation_error.json.jbuilder (1.2ms)
  Rendered api/v1/cars_types/show.json.jbuilder within layouts/jsend (7.6ms)
Completed 500 Internal Server Error in 136ms (Views: 15.9ms | ActiveRecord: 108.6ms)


Started PUT "/api/v1/cars_types/7d0a08ee-95b0-4061-ad45-8eec4861d461" for 127.0.0.1 at 2018-02-28 23:58:18 +0200
Processing by Api::V1::CarsTypesController#update as JSON
  Parameters: {"cars_type"=>{"car_type"=>"VAN"}, "id"=>"7d0a08ee-95b0-4061-ad45-8eec4861d461"}
Locale = en
Can't verify CSRF token authenticity.
  [1m[36mCarsType Load (0.1ms)[0m  [1m[34mSELECT  "cars_types".* FROM "cars_types" WHERE "cars_types"."id" = ? LIMIT ?[0m  [["id", "7d0a08ee-95b0-4061-ad45-8eec4861d461"], ["LIMIT", 1]]
  [1m[35m (0.1ms)[0m  [1m[36mbegin transaction[0m
  [1m[35mSQL (0.6ms)[0m  [1m[33mUPDATE "cars_types" SET "car_type" = ?, "updated_at" = ? WHERE "cars_types"."id" = ?[0m  [["car_type", "VAN"], ["updated_at", "2018-02-28 21:58:18.505602"], ["id", "7d0a08ee-95b0-4061-ad45-8eec4861d461"]]
  [1m[35m (65.6ms)[0m  [1m[36mcommit transaction[0m
  Rendering api/v1/cars_types/show.json.jbuilder within layouts/jsend
  Rendered api/v1/cars_types/_cars_type.json.jbuilder (0.8ms)
  Rendered api/v1/_validation_error.json.jbuilder (0.9ms)
  Rendered api/v1/cars_types/show.json.jbuilder within layouts/jsend (5.1ms)
Completed 500 Internal Server Error in 84ms (Views: 10.0ms | ActiveRecord: 66.4ms)


Started DELETE "/api/v1/cars_types/7d0a08ee-95b0-4061-ad45-8eec4861d461" for 127.0.0.1 at 2018-02-28 23:59:16 +0200
Processing by Api::V1::CarsTypesController#destroy as JSON
  Parameters: {"id"=>"7d0a08ee-95b0-4061-ad45-8eec4861d461", "cars_type"=>{}}
Locale = en
Can't verify CSRF token authenticity.
  [1m[36mCarsType Load (0.1ms)[0m  [1m[34mSELECT  "cars_types".* FROM "cars_types" WHERE "cars_types"."id" = ? LIMIT ?[0m  [["id", "7d0a08ee-95b0-4061-ad45-8eec4861d461"], ["LIMIT", 1]]
  [1m[35m (0.0ms)[0m  [1m[36mbegin transaction[0m
  [1m[35mSQL (0.1ms)[0m  [1m[31mDELETE FROM "cars_types" WHERE "cars_types"."id" = ?[0m  [["id", "7d0a08ee-95b0-4061-ad45-8eec4861d461"]]
  [1m[35m (112.2ms)[0m  [1m[36mcommit transaction[0m
Completed 204 No Content in 115ms (ActiveRecord: 112.4ms)


Started GET "/api/v1/cars_types" for 127.0.0.1 at 2018-02-28 23:59:27 +0200
Processing by Api::V1::CarsTypesController#index as JSON
  Parameters: {"cars_type"=>{}}
Locale = en
  Rendering api/v1/cars_types/index.json.jbuilder within layouts/jsend
  [1m[36mCarsType Load (0.2ms)[0m  [1m[34mSELECT  "cars_types".* FROM "cars_types" ORDER BY "cars_types"."created_at" DESC LIMIT ? OFFSET ?[0m  [["LIMIT", 25], ["OFFSET", 0]]
  Rendered api/v1/cars_types/index.json.jbuilder within layouts/jsend (1.2ms)
Completed 200 OK in 5ms (Views: 3.0ms | ActiveRecord: 0.2ms)


Started POST "/api/v1/cars_types" for 127.0.0.1 at 2018-02-28 23:59:32 +0200
Processing by Api::V1::CarsTypesController#create as JSON
  Parameters: {"cars_type"=>{"car_type"=>"VAN"}}
Locale = en
Can't verify CSRF token authenticity.
  [1m[35m (0.1ms)[0m  [1m[36mbegin transaction[0m
  [1m[35mSQL (0.5ms)[0m  [1m[32mINSERT INTO "cars_types" ("id", "car_type", "created_at", "updated_at") VALUES (?, ?, ?, ?)[0m  [["id", "de0f8726-4ab9-4e64-be91-63fcea941166"], ["car_type", "VAN"], ["created_at", "2018-02-28 21:59:32.596971"], ["updated_at", "2018-02-28 21:59:32.596971"]]
  [1m[35m (163.8ms)[0m  [1m[36mcommit transaction[0m
  Rendering api/v1/cars_types/show.json.jbuilder within layouts/jsend
  Rendered api/v1/cars_types/_cars_type.json.jbuilder (2.0ms)
  Rendered api/v1/_validation_error.json.jbuilder (1.2ms)
  Rendered api/v1/cars_types/show.json.jbuilder within layouts/jsend (9.8ms)
Completed 201 Created in 187ms (Views: 19.2ms | ActiveRecord: 164.3ms)


Started GET "/api/v1/cars_types" for 127.0.0.1 at 2018-02-28 23:59:37 +0200
Processing by Api::V1::CarsTypesController#index as JSON
  Parameters: {"cars_type"=>{}}
Locale = en
  Rendering api/v1/cars_types/index.json.jbuilder within layouts/jsend
  [1m[36mCarsType Load (0.2ms)[0m  [1m[34mSELECT  "cars_types".* FROM "cars_types" ORDER BY "cars_types"."created_at" DESC LIMIT ? OFFSET ?[0m  [["LIMIT", 25], ["OFFSET", 0]]
  Rendered api/v1/cars_types/_cars_type.json.jbuilder (0.7ms)
  Rendered api/v1/cars_types/index.json.jbuilder within layouts/jsend (2.4ms)
Completed 200 OK in 5ms (Views: 4.4ms | ActiveRecord: 0.2ms)


Started DELETE "/api/v1/cars_types/7d0a08ee-95b0-4061-ad45-8eec4861d461" for 127.0.0.1 at 2018-03-01 00:01:35 +0200
Processing by Api::V1::CarsTypesController#destroy as JSON
  Parameters: {"id"=>"7d0a08ee-95b0-4061-ad45-8eec4861d461", "cars_type"=>{}}
Locale = en
Can't verify CSRF token authenticity.
  [1m[36mCarsType Load (0.4ms)[0m  [1m[34mSELECT  "cars_types".* FROM "cars_types" WHERE "cars_types"."id" = ? LIMIT ?[0m  [["id", "7d0a08ee-95b0-4061-ad45-8eec4861d461"], ["LIMIT", 1]]
SOME ERROR Couldn't find CarsType with 'id'=7d0a08ee-95b0-4061-ad45-8eec4861d461
  Rendered api/v1/_errors.json.jbuilder (1.0ms)
Completed 200 OK in 4ms (Views: 1.8ms | ActiveRecord: 1.2ms)


Started DELETE "/api/v1/cars_types/de0f8726-4ab9-4e64-be91-63fcea941166" for 127.0.0.1 at 2018-03-01 00:02:04 +0200
Processing by Api::V1::CarsTypesController#destroy as JSON
  Parameters: {"id"=>"de0f8726-4ab9-4e64-be91-63fcea941166", "cars_type"=>{}}
Locale = en
Can't verify CSRF token authenticity.
  [1m[36mCarsType Load (0.1ms)[0m  [1m[34mSELECT  "cars_types".* FROM "cars_types" WHERE "cars_types"."id" = ? LIMIT ?[0m  [["id", "de0f8726-4ab9-4e64-be91-63fcea941166"], ["LIMIT", 1]]
  [1m[35m (0.1ms)[0m  [1m[36mbegin transaction[0m
  [1m[35mSQL (0.2ms)[0m  [1m[31mDELETE FROM "cars_types" WHERE "cars_types"."id" = ?[0m  [["id", "de0f8726-4ab9-4e64-be91-63fcea941166"]]
  [1m[35m (77.8ms)[0m  [1m[36mcommit transaction[0m
  Rendering api/v1/cars_types/show.json.jbuilder within layouts/jsend
  Rendered api/v1/cars_types/_cars_type.json.jbuilder (1.1ms)
  Rendered api/v1/_validation_error.json.jbuilder (0.8ms)
  Rendered api/v1/cars_types/show.json.jbuilder within layouts/jsend (4.1ms)
Completed 500 Internal Server Error in 91ms (Views: 7.6ms | ActiveRecord: 78.2ms)


Started POST "/api/v1/cars_types" for 127.0.0.1 at 2018-03-01 00:02:11 +0200
Processing by Api::V1::CarsTypesController#create as JSON
  Parameters: {"cars_type"=>{"car_type"=>"VAN"}}
Locale = en
Can't verify CSRF token authenticity.
  [1m[35m (0.1ms)[0m  [1m[36mbegin transaction[0m
  [1m[35mSQL (0.2ms)[0m  [1m[32mINSERT INTO "cars_types" ("id", "car_type", "created_at", "updated_at") VALUES (?, ?, ?, ?)[0m  [["id", "974a83bf-84a6-4355-a912-18d3de6ea48c"], ["car_type", "VAN"], ["created_at", "2018-02-28 22:02:11.315315"], ["updated_at", "2018-02-28 22:02:11.315315"]]
  [1m[35m (165.2ms)[0m  [1m[36mcommit transaction[0m
  Rendering api/v1/cars_types/show.json.jbuilder within layouts/jsend
  Rendered api/v1/cars_types/_cars_type.json.jbuilder (1.7ms)
  Rendered api/v1/_validation_error.json.jbuilder (1.2ms)
  Rendered api/v1/cars_types/show.json.jbuilder within layouts/jsend (7.8ms)
Completed 201 Created in 187ms (Views: 16.3ms | ActiveRecord: 165.6ms)


Started GET "/api/v1/cars_types" for 127.0.0.1 at 2018-03-01 00:15:48 +0200
Processing by Api::V1::CarsTypesController#index as JSON
  Parameters: {"cars_type"=>{}}
Locale = en
  Rendering api/v1/cars_types/index.json.jbuilder within layouts/jsend
  [1m[36mCarsType Load (0.2ms)[0m  [1m[34mSELECT  "cars_types".* FROM "cars_types" ORDER BY "cars_types"."created_at" DESC LIMIT ? OFFSET ?[0m  [["LIMIT", 25], ["OFFSET", 0]]
  Rendered api/v1/cars_types/_cars_type.json.jbuilder (0.4ms)
  Rendered api/v1/cars_types/index.json.jbuilder within layouts/jsend (5.3ms)
Completed 200 OK in 10ms (Views: 6.9ms | ActiveRecord: 0.8ms)


Started GET "/api/v1/cars_types/974a83bf-84a6-4355-a912-18d3de6ea48c" for 127.0.0.1 at 2018-03-01 00:16:29 +0200
Processing by Api::V1::CarsTypesController#show as JSON
  Parameters: {"id"=>"974a83bf-84a6-4355-a912-18d3de6ea48c", "cars_type"=>{}}
Locale = en
  [1m[36mCarsType Load (0.2ms)[0m  [1m[34mSELECT  "cars_types".* FROM "cars_types" WHERE "cars_types"."id" = ? LIMIT ?[0m  [["id", "974a83bf-84a6-4355-a912-18d3de6ea48c"], ["LIMIT", 1]]
  Rendering api/v1/cars_types/show.json.jbuilder
  Rendered api/v1/cars_types/_cars_type.json.jbuilder (0.3ms)
  Rendered api/v1/_validation_error.json.jbuilder (0.2ms)
  Rendered api/v1/cars_types/show.json.jbuilder (1.8ms)
Completed 200 OK in 6ms (Views: 4.1ms | ActiveRecord: 0.2ms)


Started GET "/api/v1/cars" for 127.0.0.1 at 2018-03-01 00:17:30 +0200
Processing by Api::V1::CarsController#index as JSON
  Parameters: {"car"=>{}}
Locale = en
  Rendering api/v1/cars/index.json.jbuilder within layouts/jsend
  [1m[36mCar Load (0.2ms)[0m  [1m[34mSELECT  "cars".* FROM "cars" ORDER BY "cars"."created_at" DESC LIMIT ? OFFSET ?[0m  [["LIMIT", 25], ["OFFSET", 0]]
  Rendered api/v1/cars/index.json.jbuilder within layouts/jsend (0.9ms)
Completed 200 OK in 4ms (Views: 2.5ms | ActiveRecord: 0.4ms)


Started GET "/api/v1/cars_types" for 127.0.0.1 at 2018-03-01 00:20:04 +0200
Processing by Api::V1::CarsTypesController#index as JSON
  Parameters: {"cars_type"=>{}}
Locale = en
  Rendering api/v1/cars_types/index.json.jbuilder within layouts/jsend
  [1m[36mCarsType Load (0.1ms)[0m  [1m[34mSELECT  "cars_types".* FROM "cars_types" ORDER BY "cars_types"."created_at" DESC LIMIT ? OFFSET ?[0m  [["LIMIT", 25], ["OFFSET", 0]]
  Rendered api/v1/cars_types/_cars_type.json.jbuilder (0.4ms)
  Rendered api/v1/cars_types/index.json.jbuilder within layouts/jsend (1.7ms)
Completed 200 OK in 4ms (Views: 3.0ms | ActiveRecord: 0.1ms)


Started POST "/api/v1/cars" for 127.0.0.1 at 2018-03-01 00:20:56 +0200
Processing by Api::V1::CarsController#create as JSON
  Parameters: {"car"=>{"name"=>"Kia Cerato", "horsepower"=>1500, "price"=>5000000, "car_type_id"=>"974a83bf-84a6-4355-a912-18d3de6ea48c"}}
Locale = en
Can't verify CSRF token authenticity.
  Rendering api/v1/cars/show.json.jbuilder within layouts/jsend
  Rendered api/v1/cars/_car.json.jbuilder (0.4ms)
  Rendered api/v1/_validation_error.json.jbuilder (0.6ms)
  Rendered api/v1/cars/show.json.jbuilder within layouts/jsend (2.4ms)
Completed 200 OK in 17ms (Views: 4.7ms | ActiveRecord: 0.3ms)


Started POST "/api/v1/cars" for 127.0.0.1 at 2018-03-01 00:21:17 +0200
Processing by Api::V1::CarsController#create as JSON
  Parameters: {"car"=>{"name"=>"Kia Cerato", "horsepower"=>1500, "price"=>5000000, "cars_type"=>"974a83bf-84a6-4355-a912-18d3de6ea48c"}}
Locale = en
Can't verify CSRF token authenticity.
Unpermitted parameter: :cars_type
  Rendering api/v1/cars/show.json.jbuilder within layouts/jsend
  Rendered api/v1/cars/_car.json.jbuilder (0.3ms)
  Rendered api/v1/_validation_error.json.jbuilder (0.7ms)
  Rendered api/v1/cars/show.json.jbuilder within layouts/jsend (2.6ms)
Completed 200 OK in 6ms (Views: 4.6ms | ActiveRecord: 0.0ms)


Started POST "/api/v1/cars" for 127.0.0.1 at 2018-03-01 00:22:15 +0200
Processing by Api::V1::CarsController#create as JSON
  Parameters: {"car"=>{"name"=>"Kia Cerato", "horsepower"=>1500, "price"=>5000000, "cars_type"=>"974a83bf-84a6-4355-a912-18d3de6ea48c"}}
Locale = en
Can't verify CSRF token authenticity.
Unpermitted parameter: :cars_type
Unpermitted parameter: :cars_type
  Rendering api/v1/cars/show.json.jbuilder within layouts/jsend
  Rendered api/v1/cars/_car.json.jbuilder (0.3ms)
  Rendered api/v1/_validation_error.json.jbuilder (0.5ms)
  Rendered api/v1/cars/show.json.jbuilder within layouts/jsend (2.0ms)
Completed 200 OK in 158753ms (Views: 4.0ms | ActiveRecord: 1.0ms)


Started POST "/api/v1/cars" for 127.0.0.1 at 2018-03-01 00:25:07 +0200
Processing by Api::V1::CarsController#create as JSON
  Parameters: {"car"=>{"name"=>"Kia Cerato", "horsepower"=>1500, "price"=>5000000, "car_type_id"=>"974a83bf-84a6-4355-a912-18d3de6ea48c"}}
Locale = en
Can't verify CSRF token authenticity.
  Rendering api/v1/cars/show.json.jbuilder within layouts/jsend
  Rendered api/v1/cars/_car.json.jbuilder (0.2ms)
  Rendered api/v1/_validation_error.json.jbuilder (0.4ms)
  Rendered api/v1/cars/show.json.jbuilder within layouts/jsend (1.6ms)
Completed 200 OK in 9297ms (Views: 4.4ms | ActiveRecord: 0.0ms)


Started POST "/api/v1/cars" for 127.0.0.1 at 2018-03-01 00:26:50 +0200
Processing by Api::V1::CarsController#create as JSON
  Parameters: {"car"=>{"name"=>"Kia Cerato", "horsepower"=>1500, "price"=>5000000, "car_type_id"=>"974a83bf-84a6-4355-a912-18d3de6ea48c"}}
Locale = en
Can't verify CSRF token authenticity.
SOME ERROR undefined method `[]' for nil:NilClass
  Rendered api/v1/_errors.json.jbuilder (0.7ms)
Completed 200 OK in 10ms (Views: 1.5ms | ActiveRecord: 0.5ms)


Started POST "/api/v1/cars" for 127.0.0.1 at 2018-03-01 00:27:21 +0200
Processing by Api::V1::CarsController#create as JSON
  Parameters: {"car"=>{"name"=>"Kia Cerato", "horsepower"=>1500, "price"=>5000000, "car_type_id"=>"974a83bf-84a6-4355-a912-18d3de6ea48c"}}
Locale = en
Can't verify CSRF token authenticity.
  [1m[36mCarsType Load (0.1ms)[0m  [1m[34mSELECT  "cars_types".* FROM "cars_types" WHERE "cars_types"."id" = ? LIMIT ?[0m  [["id", "974a83bf-84a6-4355-a912-18d3de6ea48c"], ["LIMIT", 1]]
SOME ERROR can't write unknown attribute `cars_type_id`
  Rendered api/v1/_errors.json.jbuilder (0.7ms)
Completed 200 OK in 17ms (Views: 1.3ms | ActiveRecord: 4.3ms)


Started POST "/api/v1/cars" for 127.0.0.1 at 2018-03-01 00:27:23 +0200
Processing by Api::V1::CarsController#create as JSON
  Parameters: {"car"=>{"name"=>"Kia Cerato", "horsepower"=>1500, "price"=>5000000, "car_type_id"=>"974a83bf-84a6-4355-a912-18d3de6ea48c"}}
Locale = en
Can't verify CSRF token authenticity.
  [1m[36mCarsType Load (0.1ms)[0m  [1m[34mSELECT  "cars_types".* FROM "cars_types" WHERE "cars_types"."id" = ? LIMIT ?[0m  [["id", "974a83bf-84a6-4355-a912-18d3de6ea48c"], ["LIMIT", 1]]
SOME ERROR can't write unknown attribute `cars_type_id`
  Rendered api/v1/_errors.json.jbuilder (0.7ms)
Completed 200 OK in 3ms (Views: 1.3ms | ActiveRecord: 0.1ms)


Started POST "/api/v1/cars" for 127.0.0.1 at 2018-03-01 00:28:08 +0200
Processing by Api::V1::CarsController#create as JSON
  Parameters: {"car"=>{"name"=>"Kia Cerato", "horsepower"=>1500, "price"=>5000000, "car_type_id"=>"974a83bf-84a6-4355-a912-18d3de6ea48c"}}
Locale = en
Can't verify CSRF token authenticity.
  [1m[36mCarsType Load (0.1ms)[0m  [1m[34mSELECT  "cars_types".* FROM "cars_types" WHERE "cars_types"."id" = ? LIMIT ?[0m  [["id", "974a83bf-84a6-4355-a912-18d3de6ea48c"], ["LIMIT", 1]]
SOME ERROR can't write unknown attribute `cars_type_id`
  Rendered api/v1/_errors.json.jbuilder (0.7ms)
Completed 200 OK in 12ms (Views: 1.4ms | ActiveRecord: 1.1ms)


  [1m[35m (0.1ms)[0m  [1m[34mSELECT "schema_migrations"."version" FROM "schema_migrations" ORDER BY "schema_migrations"."version" ASC[0m
  [1m[35m (0.0ms)[0m  [1m[34mSELECT "schema_migrations"."version" FROM "schema_migrations" ORDER BY "schema_migrations"."version" ASC[0m
Migrating to CreateCarsTypes (20180228211632)
  [1m[35m (0.0ms)[0m  [1m[36mbegin transaction[0m
  [1m[35m (0.6ms)[0m  [1m[35mDROP TABLE "cars_types"[0m
  [1m[35mSQL (0.1ms)[0m  [1m[31mDELETE FROM "schema_migrations" WHERE "schema_migrations"."version" = ?[0m  [["version", "20180228211632"]]
  [1m[35m (166.6ms)[0m  [1m[36mcommit transaction[0m
  [1m[35m (0.1ms)[0m  [1m[34mSELECT "schema_migrations"."version" FROM "schema_migrations" ORDER BY "schema_migrations"."version" ASC[0m
  [1m[35m (0.1ms)[0m  [1m[34m            SELECT sql
            FROM sqlite_master
            WHERE name='index_cars_on_car_type_id' AND type='index'
            UNION ALL
            SELECT sql
            FROM sqlite_temp_master
            WHERE name='index_cars_on_car_type_id' AND type='index'
[0m
  [1m[35m (0.1ms)[0m  [1m[34m            SELECT sql
            FROM sqlite_master
            WHERE name='sqlite_autoindex_cars_1' AND type='index'
            UNION ALL
            SELECT sql
            FROM sqlite_temp_master
            WHERE name='sqlite_autoindex_cars_1' AND type='index'
[0m
  [1m[35m (0.1ms)[0m  [1m[34mSELECT "schema_migrations"."version" FROM "schema_migrations" ORDER BY "schema_migrations"."version" ASC[0m
Migrating to CreateCarsTypes (20180228211632)
  [1m[35m (0.0ms)[0m  [1m[36mbegin transaction[0m
  [1m[35m (0.1ms)[0m  [1m[34mSELECT sqlite_version(*)[0m
  [1m[35m (0.6ms)[0m  [1m[35mCREATE TABLE "cars_types" ("id" varchar NOT NULL PRIMARY KEY, "car_type" varchar, "created_at" datetime NOT NULL, "updated_at" datetime NOT NULL)[0m
  [1m[35mSQL (0.1ms)[0m  [1m[32mINSERT INTO "schema_migrations" ("version") VALUES (?)[0m  [["version", "20180228211632"]]
  [1m[35m (1241.4ms)[0m  [1m[36mcommit transaction[0m
  [1m[36mActiveRecord::InternalMetadata Load (0.1ms)[0m  [1m[34mSELECT  "ar_internal_metadata".* FROM "ar_internal_metadata" WHERE "ar_internal_metadata"."key" = ? LIMIT ?[0m  [["key", "environment"], ["LIMIT", 1]]
  [1m[35m (0.0ms)[0m  [1m[36mbegin transaction[0m
  [1m[35m (0.0ms)[0m  [1m[36mcommit transaction[0m
  [1m[35m (0.1ms)[0m  [1m[34mSELECT "schema_migrations"."version" FROM "schema_migrations" ORDER BY "schema_migrations"."version" ASC[0m
  [1m[35m (0.1ms)[0m  [1m[34m            SELECT sql
            FROM sqlite_master
            WHERE name='index_cars_on_car_type_id' AND type='index'
            UNION ALL
            SELECT sql
            FROM sqlite_temp_master
            WHERE name='index_cars_on_car_type_id' AND type='index'
[0m
  [1m[35m (0.1ms)[0m  [1m[34m            SELECT sql
            FROM sqlite_master
            WHERE name='sqlite_autoindex_cars_1' AND type='index'
            UNION ALL
            SELECT sql
            FROM sqlite_temp_master
            WHERE name='sqlite_autoindex_cars_1' AND type='index'
[0m
  [1m[35m (0.1ms)[0m  [1m[34m            SELECT sql
            FROM sqlite_master
            WHERE name='sqlite_autoindex_cars_types_1' AND type='index'
            UNION ALL
            SELECT sql
            FROM sqlite_temp_master
            WHERE name='sqlite_autoindex_cars_types_1' AND type='index'
[0m
Started POST "/api/v1/cars_types" for 127.0.0.1 at 2018-03-01 00:31:08 +0200
Processing by Api::V1::CarsTypesController#create as JSON
  Parameters: {"cars_type"=>{"car_type"=>"VAN"}}
Locale = en
Can't verify CSRF token authenticity.
  [1m[35m (0.1ms)[0m  [1m[36mbegin transaction[0m
  [1m[35mSQL (0.2ms)[0m  [1m[32mINSERT INTO "cars_types" ("id", "car_type", "created_at", "updated_at") VALUES (?, ?, ?, ?)[0m  [["id", "db43a19f-0eae-4048-a3e1-3561de0fe987"], ["car_type", "VAN"], ["created_at", "2018-02-28 22:31:08.515569"], ["updated_at", "2018-02-28 22:31:08.515569"]]
  [1m[35m (174.7ms)[0m  [1m[36mcommit transaction[0m
  Rendering api/v1/cars_types/show.json.jbuilder within layouts/jsend
  Rendered api/v1/cars_types/_cars_type.json.jbuilder (1.3ms)
  Rendered api/v1/_validation_error.json.jbuilder (1.6ms)
  Rendered api/v1/cars_types/show.json.jbuilder within layouts/jsend (8.3ms)
Completed 201 Created in 200ms (Views: 17.7ms | ActiveRecord: 175.5ms)


Started GET "/api/v1/cars_types" for 127.0.0.1 at 2018-03-01 00:31:25 +0200
Processing by Api::V1::CarsTypesController#index as JSON
  Parameters: {"cars_type"=>{}}
Locale = en
  Rendering api/v1/cars_types/index.json.jbuilder within layouts/jsend
  [1m[36mCarsType Load (0.3ms)[0m  [1m[34mSELECT  "cars_types".* FROM "cars_types" ORDER BY "cars_types"."created_at" DESC LIMIT ? OFFSET ?[0m  [["LIMIT", 25], ["OFFSET", 0]]
  Rendered api/v1/cars_types/_cars_type.json.jbuilder (0.5ms)
  Rendered api/v1/cars_types/index.json.jbuilder within layouts/jsend (2.4ms)
Completed 200 OK in 6ms (Views: 4.3ms | ActiveRecord: 0.3ms)


Started POST "/api/v1/cars" for 127.0.0.1 at 2018-03-01 00:31:39 +0200
Processing by Api::V1::CarsController#create as JSON
  Parameters: {"car"=>{"name"=>"Kia Cerato", "horsepower"=>1500, "price"=>5000000, "car_type_id"=>"db43a19f-0eae-4048-a3e1-3561de0fe987"}}
Locale = en
Can't verify CSRF token authenticity.
  [1m[36mCarsType Load (0.1ms)[0m  [1m[34mSELECT  "cars_types".* FROM "cars_types" WHERE "cars_types"."id" = ? LIMIT ?[0m  [["id", "db43a19f-0eae-4048-a3e1-3561de0fe987"], ["LIMIT", 1]]
SOME ERROR can't write unknown attribute `cars_type_id`
  Rendered api/v1/_errors.json.jbuilder (0.9ms)
Completed 200 OK in 9ms (Views: 2.1ms | ActiveRecord: 0.5ms)


Started POST "/api/v1/cars" for 127.0.0.1 at 2018-03-01 00:32:45 +0200
Processing by Api::V1::CarsController#create as JSON
  Parameters: {"car"=>{"name"=>"Kia Cerato", "horsepower"=>1500, "price"=>5000000, "cars_type_id"=>"db43a19f-0eae-4048-a3e1-3561de0fe987"}}
Locale = en
Can't verify CSRF token authenticity.
SOME ERROR unknown attribute 'cars_type_id' for Car.
  Rendered api/v1/_errors.json.jbuilder (0.7ms)
Completed 200 OK in 7ms (Views: 1.5ms | ActiveRecord: 0.5ms)


Started POST "/api/v1/cars" for 127.0.0.1 at 2018-03-01 00:33:03 +0200
  [1m[35m (0.1ms)[0m  [1m[34mSELECT "schema_migrations"."version" FROM "schema_migrations" ORDER BY "schema_migrations"."version" ASC[0m
Processing by Api::V1::CarsController#create as JSON
  Parameters: {"car"=>{"name"=>"Kia Cerato", "horsepower"=>1500, "price"=>5000000, "cars_type_id"=>"db43a19f-0eae-4048-a3e1-3561de0fe987"}}
Locale = en
Can't verify CSRF token authenticity.
SOME ERROR unknown attribute 'cars_type_id' for Car.
  Rendered api/v1/_errors.json.jbuilder (1.9ms)
Completed 200 OK in 28ms (Views: 3.5ms | ActiveRecord: 0.4ms)


  [1m[35m (0.1ms)[0m  [1m[34mSELECT "schema_migrations"."version" FROM "schema_migrations" ORDER BY "schema_migrations"."version" ASC[0m
  [1m[35m (0.0ms)[0m  [1m[34mSELECT "schema_migrations"."version" FROM "schema_migrations" ORDER BY "schema_migrations"."version" ASC[0m
Migrating to CreateCarsTypes (20180228211632)
  [1m[35m (0.0ms)[0m  [1m[36mbegin transaction[0m
  [1m[35m (0.6ms)[0m  [1m[35mDROP TABLE "cars_types"[0m
  [1m[35mSQL (0.1ms)[0m  [1m[31mDELETE FROM "schema_migrations" WHERE "schema_migrations"."version" = ?[0m  [["version", "20180228211632"]]
  [1m[35m (157.9ms)[0m  [1m[36mcommit transaction[0m
  [1m[35m (0.3ms)[0m  [1m[34mSELECT "schema_migrations"."version" FROM "schema_migrations" ORDER BY "schema_migrations"."version" ASC[0m
  [1m[35m (0.3ms)[0m  [1m[34m            SELECT sql
            FROM sqlite_master
            WHERE name='index_cars_on_car_type_id' AND type='index'
            UNION ALL
            SELECT sql
            FROM sqlite_temp_master
            WHERE name='index_cars_on_car_type_id' AND type='index'
[0m
  [1m[35m (0.2ms)[0m  [1m[34m            SELECT sql
            FROM sqlite_master
            WHERE name='sqlite_autoindex_cars_1' AND type='index'
            UNION ALL
            SELECT sql
            FROM sqlite_temp_master
            WHERE name='sqlite_autoindex_cars_1' AND type='index'
[0m
  [1m[35m (0.1ms)[0m  [1m[34mSELECT "schema_migrations"."version" FROM "schema_migrations" ORDER BY "schema_migrations"."version" ASC[0m
  [1m[35m (0.0ms)[0m  [1m[34mSELECT "schema_migrations"."version" FROM "schema_migrations" ORDER BY "schema_migrations"."version" ASC[0m
Migrating to CreateCars (20180228210633)
  [1m[35m (0.0ms)[0m  [1m[36mbegin transaction[0m
  [1m[35m (0.1ms)[0m  [1m[34m            SELECT sql
            FROM sqlite_master
            WHERE name='index_cars_on_car_type_id' AND type='index'
            UNION ALL
            SELECT sql
            FROM sqlite_temp_master
            WHERE name='index_cars_on_car_type_id' AND type='index'
[0m
  [1m[35m (0.0ms)[0m  [1m[34m            SELECT sql
            FROM sqlite_master
            WHERE name='sqlite_autoindex_cars_1' AND type='index'
            UNION ALL
            SELECT sql
            FROM sqlite_temp_master
            WHERE name='sqlite_autoindex_cars_1' AND type='index'
[0m
  [1m[35m (0.5ms)[0m  [1m[35mDROP INDEX "index_cars_on_car_type_id"[0m
  [1m[35m (0.1ms)[0m  [1m[35mDROP TABLE "cars"[0m
  [1m[35mSQL (0.1ms)[0m  [1m[31mDELETE FROM "schema_migrations" WHERE "schema_migrations"."version" = ?[0m  [["version", "20180228210633"]]
  [1m[35m (160.3ms)[0m  [1m[36mcommit transaction[0m
  [1m[35m (0.1ms)[0m  [1m[34mSELECT "schema_migrations"."version" FROM "schema_migrations" ORDER BY "schema_migrations"."version" ASC[0m
  [1m[35m (0.1ms)[0m  [1m[34mSELECT "schema_migrations"."version" FROM "schema_migrations" ORDER BY "schema_migrations"."version" ASC[0m
Migrating to CreateCars (20180228210633)
  [1m[35m (0.0ms)[0m  [1m[36mbegin transaction[0m
  [1m[35m (0.1ms)[0m  [1m[34mSELECT sqlite_version(*)[0m
  [1m[35m (0.7ms)[0m  [1m[35mCREATE TABLE "cars" ("id" varchar NOT NULL PRIMARY KEY, "name" varchar, "horsepower" decimal, "price" decimal, "cars_type_id" varchar, "created_at" datetime NOT NULL, "updated_at" datetime NOT NULL)[0m
  [1m[35m (0.0ms)[0m  [1m[34m            SELECT sql
            FROM sqlite_master
            WHERE name='sqlite_autoindex_cars_1' AND type='index'
            UNION ALL
            SELECT sql
            FROM sqlite_temp_master
            WHERE name='sqlite_autoindex_cars_1' AND type='index'
[0m
  [1m[35m (0.1ms)[0m  [1m[35mCREATE  INDEX "index_cars_on_car_type_id" ON "cars" ("car_type_id")[0m
  [1m[35mSQL (0.1ms)[0m  [1m[32mINSERT INTO "schema_migrations" ("version") VALUES (?)[0m  [["version", "20180228210633"]]
  [1m[35m (160.7ms)[0m  [1m[36mcommit transaction[0m
Migrating to CreateCarsTypes (20180228211632)
  [1m[35m (0.2ms)[0m  [1m[36mbegin transaction[0m
  [1m[35m (0.9ms)[0m  [1m[35mCREATE TABLE "cars_types" ("id" varchar NOT NULL PRIMARY KEY, "car_type" varchar, "created_at" datetime NOT NULL, "updated_at" datetime NOT NULL)[0m
  [1m[35mSQL (0.4ms)[0m  [1m[32mINSERT INTO "schema_migrations" ("version") VALUES (?)[0m  [["version", "20180228211632"]]
  [1m[35m (69.6ms)[0m  [1m[36mcommit transaction[0m
  [1m[36mActiveRecord::InternalMetadata Load (0.4ms)[0m  [1m[34mSELECT  "ar_internal_metadata".* FROM "ar_internal_metadata" WHERE "ar_internal_metadata"."key" = ? LIMIT ?[0m  [["key", "environment"], ["LIMIT", 1]]
  [1m[35m (0.1ms)[0m  [1m[36mbegin transaction[0m
  [1m[35m (0.1ms)[0m  [1m[36mcommit transaction[0m
  [1m[35m (0.2ms)[0m  [1m[34mSELECT "schema_migrations"."version" FROM "schema_migrations" ORDER BY "schema_migrations"."version" ASC[0m
  [1m[35m (0.2ms)[0m  [1m[34m            SELECT sql
            FROM sqlite_master
            WHERE name='index_cars_on_car_type_id' AND type='index'
            UNION ALL
            SELECT sql
            FROM sqlite_temp_master
            WHERE name='index_cars_on_car_type_id' AND type='index'
[0m
  [1m[35m (0.1ms)[0m  [1m[34m            SELECT sql
            FROM sqlite_master
            WHERE name='sqlite_autoindex_cars_1' AND type='index'
            UNION ALL
            SELECT sql
            FROM sqlite_temp_master
            WHERE name='sqlite_autoindex_cars_1' AND type='index'
[0m
  [1m[35m (0.1ms)[0m  [1m[34m            SELECT sql
            FROM sqlite_master
            WHERE name='sqlite_autoindex_cars_types_1' AND type='index'
            UNION ALL
            SELECT sql
            FROM sqlite_temp_master
            WHERE name='sqlite_autoindex_cars_types_1' AND type='index'
[0m
Started POST "/api/v1/cars" for 127.0.0.1 at 2018-03-01 00:34:25 +0200
Processing by Api::V1::CarsController#create as JSON
  Parameters: {"car"=>{"name"=>"Kia Cerato", "horsepower"=>1500, "price"=>5000000, "cars_type_id"=>"db43a19f-0eae-4048-a3e1-3561de0fe987"}}
Locale = en
Can't verify CSRF token authenticity.
  [1m[36mCarsType Load (0.2ms)[0m  [1m[34mSELECT  "cars_types".* FROM "cars_types" WHERE "cars_types"."id" = ? LIMIT ?[0m  [["id", "db43a19f-0eae-4048-a3e1-3561de0fe987"], ["LIMIT", 1]]
SOME ERROR Couldn't find CarsType with 'id'=db43a19f-0eae-4048-a3e1-3561de0fe987
  Rendered api/v1/_errors.json.jbuilder (1.1ms)
Completed 200 OK in 17ms (Views: 2.1ms | ActiveRecord: 1.2ms)


Started GET "/api/v1/cars_types" for 127.0.0.1 at 2018-03-01 00:35:05 +0200
Processing by Api::V1::CarsTypesController#index as JSON
  Parameters: {"cars_type"=>{}}
Locale = en
  Rendering api/v1/cars_types/index.json.jbuilder within layouts/jsend
  [1m[36mCarsType Load (0.2ms)[0m  [1m[34mSELECT  "cars_types".* FROM "cars_types" ORDER BY "cars_types"."created_at" DESC LIMIT ? OFFSET ?[0m  [["LIMIT", 25], ["OFFSET", 0]]
  Rendered api/v1/cars_types/index.json.jbuilder within layouts/jsend (1.4ms)
Completed 200 OK in 6ms (Views: 3.7ms | ActiveRecord: 0.2ms)


Started POST "/api/v1/cars_types" for 127.0.0.1 at 2018-03-01 00:35:17 +0200
Processing by Api::V1::CarsTypesController#create as JSON
  Parameters: {"cars_type"=>{"car_type"=>"VAN"}}
Locale = en
Can't verify CSRF token authenticity.
  [1m[35m (0.1ms)[0m  [1m[36mbegin transaction[0m
  [1m[35mSQL (0.6ms)[0m  [1m[32mINSERT INTO "cars_types" ("id", "car_type", "created_at", "updated_at") VALUES (?, ?, ?, ?)[0m  [["id", "f2a09fe0-65cd-4354-97a7-6a0142971f8a"], ["car_type", "VAN"], ["created_at", "2018-02-28 22:35:17.899201"], ["updated_at", "2018-02-28 22:35:17.899201"]]
  [1m[35m (68.0ms)[0m  [1m[36mcommit transaction[0m
  Rendering api/v1/cars_types/show.json.jbuilder within layouts/jsend
  Rendered api/v1/cars_types/_cars_type.json.jbuilder (0.4ms)
  Rendered api/v1/_validation_error.json.jbuilder (0.2ms)
  Rendered api/v1/cars_types/show.json.jbuilder within layouts/jsend (1.9ms)
Completed 201 Created in 80ms (Views: 3.5ms | ActiveRecord: 68.6ms)


Started GET "/api/v1/cars_types" for 127.0.0.1 at 2018-03-01 00:35:29 +0200
Processing by Api::V1::CarsTypesController#index as JSON
  Parameters: {"cars_type"=>{}}
Locale = en
  Rendering api/v1/cars_types/index.json.jbuilder within layouts/jsend
  [1m[36mCarsType Load (0.2ms)[0m  [1m[34mSELECT  "cars_types".* FROM "cars_types" ORDER BY "cars_types"."created_at" DESC LIMIT ? OFFSET ?[0m  [["LIMIT", 25], ["OFFSET", 0]]
  Rendered api/v1/cars_types/_cars_type.json.jbuilder (0.5ms)
  Rendered api/v1/cars_types/index.json.jbuilder within layouts/jsend (3.2ms)
Completed 200 OK in 6ms (Views: 4.9ms | ActiveRecord: 0.2ms)


Started POST "/api/v1/cars" for 127.0.0.1 at 2018-03-01 00:35:39 +0200
Processing by Api::V1::CarsController#create as JSON
  Parameters: {"car"=>{"name"=>"Kia Cerato", "horsepower"=>1500, "price"=>5000000, "cars_type_id"=>"f2a09fe0-65cd-4354-97a7-6a0142971f8a"}}
Locale = en
Can't verify CSRF token authenticity.
  [1m[36mCarsType Load (0.1ms)[0m  [1m[34mSELECT  "cars_types".* FROM "cars_types" WHERE "cars_types"."id" = ? LIMIT ?[0m  [["id", "f2a09fe0-65cd-4354-97a7-6a0142971f8a"], ["LIMIT", 1]]
  [1m[35m (0.4ms)[0m  [1m[36mbegin transaction[0m
  [1m[35mSQL (0.3ms)[0m  [1m[32mINSERT INTO "cars" ("id", "name", "horsepower", "price", "cars_type_id", "created_at", "updated_at") VALUES (?, ?, ?, ?, ?, ?, ?)[0m  [["id", "d115ee2f-9c59-4e8a-a801-5e055d9f050d"], ["name", "Kia Cerato"], ["horsepower", 1500.0], ["price", 5000000.0], ["cars_type_id", "f2a09fe0-65cd-4354-97a7-6a0142971f8a"], ["created_at", "2018-02-28 22:35:48.002686"], ["updated_at", "2018-02-28 22:35:48.002686"]]
  [1m[35m (67.8ms)[0m  [1m[36mcommit transaction[0m
  Rendering api/v1/cars/show.json.jbuilder within layouts/jsend
  Rendered api/v1/cars/_car.json.jbuilder (31.6ms)
  Rendered api/v1/cars/show.json.jbuilder within layouts/jsend (34.5ms)
SOME ERROR undefined method `car_type_id' for #<Car:0x0000564a307e3670>
Did you mean?  cars_type_id
               cars_type_id?
               cars_type_id=
  Rendered api/v1/_errors.json.jbuilder (1.7ms)
Completed 200 OK in 8138ms (Views: 2.7ms | ActiveRecord: 68.7ms)


Started GET "/api/v1/cars" for 127.0.0.1 at 2018-03-01 00:36:22 +0200
Processing by Api::V1::CarsController#index as JSON
  Parameters: {"car"=>{}}
Locale = en
  Rendering api/v1/cars/index.json.jbuilder within layouts/jsend
  [1m[36mCar Load (0.2ms)[0m  [1m[34mSELECT  "cars".* FROM "cars" ORDER BY "cars"."created_at" DESC LIMIT ? OFFSET ?[0m  [["LIMIT", 25], ["OFFSET", 0]]
  Rendered api/v1/cars/_car.json.jbuilder (0.4ms)
  Rendered api/v1/cars/index.json.jbuilder within layouts/jsend (2.4ms)
Completed 200 OK in 6ms (Views: 4.5ms | ActiveRecord: 0.2ms)


Started PUT "/api/v1/cars_types/7d0a08ee-95b0-4061-ad45-8eec4861d461" for 127.0.0.1 at 2018-03-01 00:37:02 +0200
Processing by Api::V1::CarsTypesController#update as JSON
  Parameters: {"car"=>{"name"=>"Kia Ceratooo", "horsepower"=>1500, "price"=>5000000, "cars_type_id"=>"f2a09fe0-65cd-4354-97a7-6a0142971f8a"}, "id"=>"7d0a08ee-95b0-4061-ad45-8eec4861d461", "cars_type"=>{}}
Locale = en
Can't verify CSRF token authenticity.
  [1m[36mCarsType Load (0.1ms)[0m  [1m[34mSELECT  "cars_types".* FROM "cars_types" WHERE "cars_types"."id" = ? LIMIT ?[0m  [["id", "7d0a08ee-95b0-4061-ad45-8eec4861d461"], ["LIMIT", 1]]
SOME ERROR Couldn't find CarsType with 'id'=7d0a08ee-95b0-4061-ad45-8eec4861d461
  Rendered api/v1/_errors.json.jbuilder (1.1ms)
Completed 200 OK in 3ms (Views: 1.8ms | ActiveRecord: 0.1ms)


Started GET "/api/v1/cars_types" for 127.0.0.1 at 2018-03-01 00:37:25 +0200
Processing by Api::V1::CarsTypesController#index as JSON
  Parameters: {"cars_type"=>{}}
Locale = en
  Rendering api/v1/cars_types/index.json.jbuilder within layouts/jsend
  [1m[36mCarsType Load (0.2ms)[0m  [1m[34mSELECT  "cars_types".* FROM "cars_types" ORDER BY "cars_types"."created_at" DESC LIMIT ? OFFSET ?[0m  [["LIMIT", 25], ["OFFSET", 0]]
  Rendered api/v1/cars_types/_cars_type.json.jbuilder (0.3ms)
  Rendered api/v1/cars_types/index.json.jbuilder within layouts/jsend (1.8ms)
Completed 200 OK in 4ms (Views: 3.0ms | ActiveRecord: 0.2ms)


Started PUT "/api/v1/cars/d115ee2f-9c59-4e8a-a801-5e055d9f050d" for 127.0.0.1 at 2018-03-01 00:37:48 +0200
Processing by Api::V1::CarsController#update as JSON
  Parameters: {"car"=>{"name"=>"Kia Ceratooo", "horsepower"=>1500, "price"=>5000000, "cars_type_id"=>"f2a09fe0-65cd-4354-97a7-6a0142971f8a"}, "id"=>"d115ee2f-9c59-4e8a-a801-5e055d9f050d"}
Locale = en
Can't verify CSRF token authenticity.
  [1m[36mCar Load (0.2ms)[0m  [1m[34mSELECT  "cars".* FROM "cars" WHERE "cars"."id" = ? LIMIT ?[0m  [["id", "d115ee2f-9c59-4e8a-a801-5e055d9f050d"], ["LIMIT", 1]]
  [1m[35m (0.0ms)[0m  [1m[36mbegin transaction[0m
  [1m[36mCarsType Load (0.1ms)[0m  [1m[34mSELECT  "cars_types".* FROM "cars_types" WHERE "cars_types"."id" = ? LIMIT ?[0m  [["id", "f2a09fe0-65cd-4354-97a7-6a0142971f8a"], ["LIMIT", 1]]
  [1m[35mSQL (0.2ms)[0m  [1m[33mUPDATE "cars" SET "name" = ?, "updated_at" = ? WHERE "cars"."id" = ?[0m  [["name", "Kia Ceratooo"], ["updated_at", "2018-02-28 22:37:48.446454"], ["id", "d115ee2f-9c59-4e8a-a801-5e055d9f050d"]]
  [1m[35m (197.7ms)[0m  [1m[36mcommit transaction[0m
  Rendering api/v1/cars/show.json.jbuilder within layouts/jsend
  Rendered api/v1/cars/_car.json.jbuilder (1.9ms)
  Rendered api/v1/_validation_error.json.jbuilder (1.5ms)
  Rendered api/v1/cars/show.json.jbuilder within layouts/jsend (10.5ms)
Completed 500 Internal Server Error in 225ms (Views: 18.8ms | ActiveRecord: 198.3ms)


Started PUT "/api/v1/cars/d115ee2f-9c59-4e8a-a801-5e055d9f050d" for 127.0.0.1 at 2018-03-01 00:37:57 +0200
Processing by Api::V1::CarsController#update as JSON
  Parameters: {"car"=>{"name"=>"Kia Cerato", "horsepower"=>1500, "price"=>5000000, "cars_type_id"=>"f2a09fe0-65cd-4354-97a7-6a0142971f8a"}, "id"=>"d115ee2f-9c59-4e8a-a801-5e055d9f050d"}
Locale = en
Can't verify CSRF token authenticity.
  [1m[36mCar Load (0.1ms)[0m  [1m[34mSELECT  "cars".* FROM "cars" WHERE "cars"."id" = ? LIMIT ?[0m  [["id", "d115ee2f-9c59-4e8a-a801-5e055d9f050d"], ["LIMIT", 1]]
  [1m[35m (0.1ms)[0m  [1m[36mbegin transaction[0m
  [1m[36mCarsType Load (0.1ms)[0m  [1m[34mSELECT  "cars_types".* FROM "cars_types" WHERE "cars_types"."id" = ? LIMIT ?[0m  [["id", "f2a09fe0-65cd-4354-97a7-6a0142971f8a"], ["LIMIT", 1]]
  [1m[35mSQL (0.2ms)[0m  [1m[33mUPDATE "cars" SET "name" = ?, "updated_at" = ? WHERE "cars"."id" = ?[0m  [["name", "Kia Cerato"], ["updated_at", "2018-02-28 22:37:57.192729"], ["id", "d115ee2f-9c59-4e8a-a801-5e055d9f050d"]]
  [1m[35m (66.5ms)[0m  [1m[36mcommit transaction[0m
  Rendering api/v1/cars/show.json.jbuilder within layouts/jsend
  Rendered api/v1/cars/_car.json.jbuilder (0.5ms)
  Rendered api/v1/_validation_error.json.jbuilder (0.4ms)
  Rendered api/v1/cars/show.json.jbuilder within layouts/jsend (2.6ms)
Completed 500 Internal Server Error in 78ms (Views: 5.3ms | ActiveRecord: 67.1ms)


Started GET "/api/v1/cars/d115ee2f-9c59-4e8a-a801-5e055d9f050d" for 127.0.0.1 at 2018-03-01 00:38:55 +0200
Processing by Api::V1::CarsController#show as JSON
  Parameters: {"id"=>"d115ee2f-9c59-4e8a-a801-5e055d9f050d", "car"=>{}}
Locale = en
  [1m[36mCar Load (0.1ms)[0m  [1m[34mSELECT  "cars".* FROM "cars" WHERE "cars"."id" = ? LIMIT ?[0m  [["id", "d115ee2f-9c59-4e8a-a801-5e055d9f050d"], ["LIMIT", 1]]
  Rendering api/v1/cars/show.json.jbuilder
  Rendered api/v1/cars/_car.json.jbuilder (0.3ms)
  Rendered api/v1/_validation_error.json.jbuilder (0.2ms)
  Rendered api/v1/cars/show.json.jbuilder (1.5ms)
Completed 200 OK in 5ms (Views: 3.6ms | ActiveRecord: 0.1ms)


Started DELETE "/api/v1/cars/d115ee2f-9c59-4e8a-a801-5e055d9f050d" for 127.0.0.1 at 2018-03-01 00:39:11 +0200
Processing by Api::V1::CarsController#destroy as JSON
  Parameters: {"id"=>"d115ee2f-9c59-4e8a-a801-5e055d9f050d", "car"=>{}}
Locale = en
Can't verify CSRF token authenticity.
  [1m[36mCar Load (0.1ms)[0m  [1m[34mSELECT  "cars".* FROM "cars" WHERE "cars"."id" = ? LIMIT ?[0m  [["id", "d115ee2f-9c59-4e8a-a801-5e055d9f050d"], ["LIMIT", 1]]
  [1m[35m (0.1ms)[0m  [1m[36mbegin transaction[0m
  [1m[35mSQL (0.6ms)[0m  [1m[31mDELETE FROM "cars" WHERE "cars"."id" = ?[0m  [["id", "d115ee2f-9c59-4e8a-a801-5e055d9f050d"]]
  [1m[35m (171.7ms)[0m  [1m[36mcommit transaction[0m
  Rendering api/v1/cars/show.json.jbuilder within layouts/jsend
  Rendered api/v1/cars/_car.json.jbuilder (1.8ms)
  Rendered api/v1/_validation_error.json.jbuilder (1.4ms)
  Rendered api/v1/cars/show.json.jbuilder within layouts/jsend (8.4ms)
Completed 500 Internal Server Error in 192ms (Views: 16.0ms | ActiveRecord: 172.5ms)


Started POST "/api/v1/cars" for 127.0.0.1 at 2018-03-01 00:39:16 +0200
Processing by Api::V1::CarsController#create as JSON
  Parameters: {"car"=>{"name"=>"Kia Cerato", "horsepower"=>1500, "price"=>5000000, "cars_type_id"=>"f2a09fe0-65cd-4354-97a7-6a0142971f8a"}}
Locale = en
Can't verify CSRF token authenticity.
  [1m[36mCarsType Load (0.1ms)[0m  [1m[34mSELECT  "cars_types".* FROM "cars_types" WHERE "cars_types"."id" = ? LIMIT ?[0m  [["id", "f2a09fe0-65cd-4354-97a7-6a0142971f8a"], ["LIMIT", 1]]
  [1m[35m (0.4ms)[0m  [1m[36mbegin transaction[0m
  [1m[35mSQL (1.2ms)[0m  [1m[32mINSERT INTO "cars" ("id", "name", "horsepower", "price", "cars_type_id", "created_at", "updated_at") VALUES (?, ?, ?, ?, ?, ?, ?)[0m  [["id", "1a9d9a1e-d232-4212-a611-1b34a4be4a63"], ["name", "Kia Cerato"], ["horsepower", 1500.0], ["price", 5000000.0], ["cars_type_id", "f2a09fe0-65cd-4354-97a7-6a0142971f8a"], ["created_at", "2018-02-28 22:39:23.507492"], ["updated_at", "2018-02-28 22:39:23.507492"]]
  [1m[35m (182.1ms)[0m  [1m[36mcommit transaction[0m
  Rendering api/v1/cars/show.json.jbuilder within layouts/jsend
  Rendered api/v1/cars/_car.json.jbuilder (1.6ms)
  Rendered api/v1/_validation_error.json.jbuilder (2.4ms)
  Rendered api/v1/cars/show.json.jbuilder within layouts/jsend (10.9ms)
Completed 201 Created in 7641ms (Views: 22.2ms | ActiveRecord: 183.7ms)


  [1m[36mCar Load (23.6ms)[0m  [1m[34mSELECT  "cars".* FROM "cars" LIMIT ?[0m  [["LIMIT", 11]]
Started GET "/admin" for 127.0.0.1 at 2018-03-04 00:47:27 +0200
  [1m[35m (1.0ms)[0m  [1m[34mSELECT "schema_migrations"."version" FROM "schema_migrations" ORDER BY "schema_migrations"."version" ASC[0m
  
ActionController::RoutingError (No route matches [GET] "/admin"):
  
actionpack (5.1.5) lib/action_dispatch/middleware/debug_exceptions.rb:63:in `call'
web-console (3.5.1) lib/web_console/middleware.rb:135:in `call_app'
web-console (3.5.1) lib/web_console/middleware.rb:28:in `block in call'
web-console (3.5.1) lib/web_console/middleware.rb:18:in `catch'
web-console (3.5.1) lib/web_console/middleware.rb:18:in `call'
actionpack (5.1.5) lib/action_dispatch/middleware/show_exceptions.rb:31:in `call'
railties (5.1.5) lib/rails/rack/logger.rb:36:in `call_app'
railties (5.1.5) lib/rails/rack/logger.rb:24:in `block in call'
activesupport (5.1.5) lib/active_support/tagged_logging.rb:69:in `block in tagged'
activesupport (5.1.5) lib/active_support/tagged_logging.rb:26:in `tagged'
activesupport (5.1.5) lib/active_support/tagged_logging.rb:69:in `tagged'
railties (5.1.5) lib/rails/rack/logger.rb:24:in `call'
sprockets-rails (3.2.1) lib/sprockets/rails/quiet_assets.rb:13:in `call'
actionpack (5.1.5) lib/action_dispatch/middleware/remote_ip.rb:79:in `call'
actionpack (5.1.5) lib/action_dispatch/middleware/request_id.rb:25:in `call'
rack (2.0.4) lib/rack/method_override.rb:22:in `call'
rack (2.0.4) lib/rack/runtime.rb:22:in `call'
activesupport (5.1.5) lib/active_support/cache/strategy/local_cache_middleware.rb:27:in `call'
actionpack (5.1.5) lib/action_dispatch/middleware/executor.rb:12:in `call'
actionpack (5.1.5) lib/action_dispatch/middleware/static.rb:125:in `call'
rack (2.0.4) lib/rack/sendfile.rb:111:in `call'
railties (5.1.5) lib/rails/engine.rb:522:in `call'
puma (3.11.2) lib/puma/configuration.rb:225:in `call'
puma (3.11.2) lib/puma/server.rb:624:in `handle_request'
puma (3.11.2) lib/puma/server.rb:438:in `process_client'
puma (3.11.2) lib/puma/server.rb:302:in `block in run'
puma (3.11.2) lib/puma/thread_pool.rb:120:in `block in spawn_thread'
Started GET "/" for 127.0.0.1 at 2018-03-04 00:47:29 +0200
Processing by Rails::WelcomeController#index as HTML
  Rendering /home/raafat/.rbenv/versions/2.3.5/lib/ruby/gems/2.3.0/gems/railties-5.1.5/lib/rails/templates/rails/welcome/index.html.erb
  Rendered /home/raafat/.rbenv/versions/2.3.5/lib/ruby/gems/2.3.0/gems/railties-5.1.5/lib/rails/templates/rails/welcome/index.html.erb (13.2ms)
Completed 200 OK in 253ms (Views: 21.5ms | ActiveRecord: 0.0ms)


Started GET "/" for 127.0.0.1 at 2018-03-04 00:55:50 +0200
  [1m[35m (0.1ms)[0m  [1m[34mSELECT "schema_migrations"."version" FROM "schema_migrations" ORDER BY "schema_migrations"."version" ASC[0m
Processing by Rails::WelcomeController#index as HTML
  Rendering /home/raafat/.rbenv/versions/2.3.5/lib/ruby/gems/2.3.0/gems/railties-5.1.5/lib/rails/templates/rails/welcome/index.html.erb
  Rendered /home/raafat/.rbenv/versions/2.3.5/lib/ruby/gems/2.3.0/gems/railties-5.1.5/lib/rails/templates/rails/welcome/index.html.erb (2.6ms)
Completed 200 OK in 10ms (Views: 5.7ms | ActiveRecord: 0.0ms)


Started GET "/api/v1/cars" for 127.0.0.1 at 2018-03-04 01:04:53 +0200
Processing by Api::V1::CarsController#index as JSON
Locale = en
  Rendered api/v1/_errors.json.jbuilder (50.4ms)
Filter chain halted as :restrict_access_token rendered or redirected
Completed 200 OK in 229ms (Views: 55.2ms | ActiveRecord: 0.0ms)


Started GET "/api/v1/cars" for 127.0.0.1 at 2018-03-04 01:05:24 +0200
Processing by Api::V1::CarsController#index as JSON
Locale = en
  Rendered api/v1/_errors.json.jbuilder (0.8ms)
Filter chain halted as :restrict_access_token rendered or redirected
Completed 200 OK in 25ms (Views: 1.8ms)


  [1m[36mCar Load (0.7ms)[0m  [1m[34mSELECT  "cars".* FROM "cars" LIMIT ?[0m  [["LIMIT", 11]]
Started GET "/api/v1/cars" for 127.0.0.1 at 2018-03-04 01:30:08 +0200
Processing by Api::V1::CarsController#index as JSON
Locale = en
  Rendering api/v1/cars/index.json.jbuilder within layouts/jsend
  [1m[36mCar Load (93.3ms)[0m  [1m[34mSELECT  "cars".* FROM "cars" ORDER BY "cars"."created_at" DESC LIMIT ? OFFSET ?[0m  [["LIMIT", 25], ["OFFSET", 0]]
  Rendered api/v1/cars/_car.json.jbuilder (3.1ms)
  Rendered api/v1/cars/index.json.jbuilder within layouts/jsend (312.2ms)
Completed 200 OK in 685ms (Views: 419.9ms | ActiveRecord: 95.5ms)


Started GET "/api/v1/cars" for 127.0.0.1 at 2018-03-04 01:47:09 +0200
Processing by Api::V1::CarsController#index as JSON
Locale = en
  Rendering api/v1/cars/index.json.jbuilder within layouts/jsend
  [1m[36mCar Load (0.3ms)[0m  [1m[34mSELECT  "cars".* FROM "cars" ORDER BY "cars"."created_at" DESC LIMIT ? OFFSET ?[0m  [["LIMIT", 25], ["OFFSET", 0]]
  Rendered api/v1/cars/_car.json.jbuilder (1.1ms)
  Rendered api/v1/cars/index.json.jbuilder within layouts/jsend (4.3ms)
Completed 200 OK in 13ms (Views: 8.6ms | ActiveRecord: 0.3ms)


  [1m[36mCar Load (10.7ms)[0m  [1m[34mSELECT  "cars".* FROM "cars" LIMIT ?[0m  [["LIMIT", 11]]
Started GET "/api/v1/cars" for 127.0.0.1 at 2018-03-05 01:13:47 +0200
  [1m[35m (0.1ms)[0m  [1m[34mSELECT "schema_migrations"."version" FROM "schema_migrations" ORDER BY "schema_migrations"."version" ASC[0m
Processing by Api::V1::CarsController#index as JSON
  Parameters: {"car"=>{}}
Locale = en
  Rendering api/v1/cars/index.json.jbuilder within layouts/jsend
  [1m[36mCar Load (0.5ms)[0m  [1m[34mSELECT  "cars".* FROM "cars" ORDER BY "cars"."created_at" DESC LIMIT ? OFFSET ?[0m  [["LIMIT", 25], ["OFFSET", 0]]
  Rendered api/v1/cars/_car.json.jbuilder (2.9ms)
  Rendered api/v1/cars/index.json.jbuilder within layouts/jsend (661.2ms)
Completed 200 OK in 1034ms (Views: 731.9ms | ActiveRecord: 1.4ms)


  [1m[36mCar Load (176.2ms)[0m  [1m[34mSELECT  "cars".* FROM "cars" LIMIT ?[0m  [["LIMIT", 11]]
Started GET "/" for 127.0.0.1 at 2018-03-05 11:45:10 +0200
  [1m[35m (0.1ms)[0m  [1m[34mSELECT "schema_migrations"."version" FROM "schema_migrations" ORDER BY "schema_migrations"."version" ASC[0m
Processing by Rails::WelcomeController#index as HTML
  Rendering /home/raafat/.rbenv/versions/2.3.5/lib/ruby/gems/2.3.0/gems/railties-5.1.5/lib/rails/templates/rails/welcome/index.html.erb
  Rendered /home/raafat/.rbenv/versions/2.3.5/lib/ruby/gems/2.3.0/gems/railties-5.1.5/lib/rails/templates/rails/welcome/index.html.erb (4.3ms)
Completed 200 OK in 37ms (Views: 21.6ms | ActiveRecord: 0.0ms)


Started GET "/cars" for ::ffff:196.221.181.240 at 2018-03-05 11:45:27 +0200
Cannot render console from ::ffff:196.221.181.240! Allowed networks: 127.0.0.1, ::1, 127.0.0.0/127.255.255.255
  
ActionController::RoutingError (No route matches [GET] "/cars"):
  
actionpack (5.1.5) lib/action_dispatch/middleware/debug_exceptions.rb:63:in `call'
web-console (3.5.1) lib/web_console/middleware.rb:135:in `call_app'
web-console (3.5.1) lib/web_console/middleware.rb:20:in `block in call'
web-console (3.5.1) lib/web_console/middleware.rb:18:in `catch'
web-console (3.5.1) lib/web_console/middleware.rb:18:in `call'
actionpack (5.1.5) lib/action_dispatch/middleware/show_exceptions.rb:31:in `call'
railties (5.1.5) lib/rails/rack/logger.rb:36:in `call_app'
railties (5.1.5) lib/rails/rack/logger.rb:24:in `block in call'
activesupport (5.1.5) lib/active_support/tagged_logging.rb:69:in `block in tagged'
activesupport (5.1.5) lib/active_support/tagged_logging.rb:26:in `tagged'
activesupport (5.1.5) lib/active_support/tagged_logging.rb:69:in `tagged'
railties (5.1.5) lib/rails/rack/logger.rb:24:in `call'
sprockets-rails (3.2.1) lib/sprockets/rails/quiet_assets.rb:13:in `call'
actionpack (5.1.5) lib/action_dispatch/middleware/remote_ip.rb:79:in `call'
actionpack (5.1.5) lib/action_dispatch/middleware/request_id.rb:25:in `call'
rack (2.0.4) lib/rack/method_override.rb:22:in `call'
rack (2.0.4) lib/rack/runtime.rb:22:in `call'
activesupport (5.1.5) lib/active_support/cache/strategy/local_cache_middleware.rb:27:in `call'
actionpack (5.1.5) lib/action_dispatch/middleware/executor.rb:12:in `call'
actionpack (5.1.5) lib/action_dispatch/middleware/static.rb:125:in `call'
rack (2.0.4) lib/rack/sendfile.rb:111:in `call'
railties (5.1.5) lib/rails/engine.rb:522:in `call'
puma (3.11.2) lib/puma/configuration.rb:225:in `call'
puma (3.11.2) lib/puma/server.rb:624:in `handle_request'
puma (3.11.2) lib/puma/server.rb:438:in `process_client'
puma (3.11.2) lib/puma/server.rb:302:in `block in run'
puma (3.11.2) lib/puma/thread_pool.rb:120:in `block in spawn_thread'
Started GET "/api/v1/cars" for 127.0.0.1 at 2018-03-05 11:47:04 +0200
Processing by Api::V1::CarsController#index as JSON
Locale = en
  Rendering api/v1/cars/index.json.jbuilder within layouts/jsend
  [1m[36mCar Load (0.6ms)[0m  [1m[34mSELECT  "cars".* FROM "cars" ORDER BY "cars"."created_at" DESC LIMIT ? OFFSET ?[0m  [["LIMIT", 25], ["OFFSET", 0]]
  Rendered api/v1/cars/_car.json.jbuilder (1.2ms)
  Rendered api/v1/cars/index.json.jbuilder within layouts/jsend (68.6ms)
Completed 200 OK in 419ms (Views: 94.7ms | ActiveRecord: 3.7ms)


Started GET "/api/v1/cars" for ::ffff:197.45.156.216 at 2018-03-05 11:47:10 +0200
Cannot render console from ::ffff:197.45.156.216! Allowed networks: 127.0.0.1, ::1, 127.0.0.0/127.255.255.255
Processing by Api::V1::CarsController#index as JSON
Locale = en
  Rendering api/v1/cars/index.json.jbuilder within layouts/jsend
  [1m[36mCar Load (1.0ms)[0m  [1m[34mSELECT  "cars".* FROM "cars" ORDER BY "cars"."created_at" DESC LIMIT ? OFFSET ?[0m  [["LIMIT", 25], ["OFFSET", 0]]
  Rendered api/v1/cars/_car.json.jbuilder (1.6ms)
  Rendered api/v1/cars/index.json.jbuilder within layouts/jsend (9.6ms)
Completed 200 OK in 20ms (Views: 15.3ms | ActiveRecord: 1.0ms)


Started GET "/api/v1/cars" for ::ffff:197.45.156.216 at 2018-03-05 11:47:17 +0200
Cannot render console from ::ffff:197.45.156.216! Allowed networks: 127.0.0.1, ::1, 127.0.0.0/127.255.255.255
Processing by Api::V1::CarsController#index as JSON
Locale = en
  Rendering api/v1/cars/index.json.jbuilder within layouts/jsend
  [1m[36mCar Load (0.4ms)[0m  [1m[34mSELECT  "cars".* FROM "cars" ORDER BY "cars"."created_at" DESC LIMIT ? OFFSET ?[0m  [["LIMIT", 25], ["OFFSET", 0]]
  Rendered api/v1/cars/_car.json.jbuilder (0.8ms)
  Rendered api/v1/cars/index.json.jbuilder within layouts/jsend (4.6ms)
Completed 200 OK in 18ms (Views: 11.6ms | ActiveRecord: 0.4ms)


Started GET "/api/v1/cars" for ::ffff:197.45.156.216 at 2018-03-05 11:47:45 +0200
Cannot render console from ::ffff:197.45.156.216! Allowed networks: 127.0.0.1, ::1, 127.0.0.0/127.255.255.255
Processing by Api::V1::CarsController#index as JSON
Locale = en
  Rendering api/v1/cars/index.json.jbuilder within layouts/jsend
  [1m[36mCar Load (0.5ms)[0m  [1m[34mSELECT  "cars".* FROM "cars" ORDER BY "cars"."created_at" DESC LIMIT ? OFFSET ?[0m  [["LIMIT", 25], ["OFFSET", 0]]
  Rendered api/v1/cars/_car.json.jbuilder (1.1ms)
  Rendered api/v1/cars/index.json.jbuilder within layouts/jsend (5.1ms)
Completed 200 OK in 13ms (Views: 9.5ms | ActiveRecord: 0.5ms)


Started GET "/api/v1/cars" for ::ffff:196.221.181.240 at 2018-03-05 11:55:53 +0200
Cannot render console from ::ffff:196.221.181.240! Allowed networks: 127.0.0.1, ::1, 127.0.0.0/127.255.255.255
Processing by Api::V1::CarsController#index as JSON
Locale = en
  Rendering api/v1/cars/index.json.jbuilder within layouts/jsend
  [1m[36mCar Load (1.1ms)[0m  [1m[34mSELECT  "cars".* FROM "cars" ORDER BY "cars"."created_at" DESC LIMIT ? OFFSET ?[0m  [["LIMIT", 25], ["OFFSET", 0]]
  Rendered api/v1/cars/_car.json.jbuilder (1.7ms)
  Rendered api/v1/cars/index.json.jbuilder within layouts/jsend (10.9ms)
Completed 200 OK in 25ms (Views: 20.2ms | ActiveRecord: 1.1ms)


Started GET "/api/v1/cars" for ::ffff:197.45.156.216 at 2018-03-05 11:55:58 +0200
Cannot render console from ::ffff:197.45.156.216! Allowed networks: 127.0.0.1, ::1, 127.0.0.0/127.255.255.255
Processing by Api::V1::CarsController#index as JSON
Locale = en
  Rendering api/v1/cars/index.json.jbuilder within layouts/jsend
  [1m[36mCar Load (1.3ms)[0m  [1m[34mSELECT  "cars".* FROM "cars" ORDER BY "cars"."created_at" DESC LIMIT ? OFFSET ?[0m  [["LIMIT", 25], ["OFFSET", 0]]
  Rendered api/v1/cars/_car.json.jbuilder (3.4ms)
  Rendered api/v1/cars/index.json.jbuilder within layouts/jsend (14.9ms)
Completed 200 OK in 37ms (Views: 25.6ms | ActiveRecord: 1.3ms)


Started GET "/api/v1/cars" for ::ffff:196.221.181.240 at 2018-03-05 11:57:00 +0200
Cannot render console from ::ffff:196.221.181.240! Allowed networks: 127.0.0.1, ::1, 127.0.0.0/127.255.255.255
Processing by Api::V1::CarsController#index as JSON
Locale = en
  Rendering api/v1/cars/index.json.jbuilder within layouts/jsend
  [1m[36mCar Load (1.2ms)[0m  [1m[34mSELECT  "cars".* FROM "cars" ORDER BY "cars"."created_at" DESC LIMIT ? OFFSET ?[0m  [["LIMIT", 25], ["OFFSET", 0]]
  Rendered api/v1/cars/_car.json.jbuilder (2.9ms)
  Rendered api/v1/cars/index.json.jbuilder within layouts/jsend (11.4ms)
Completed 200 OK in 31ms (Views: 22.3ms | ActiveRecord: 1.2ms)


Started GET "/api/v1/cars" for ::ffff:196.218.95.82 at 2018-03-05 11:57:46 +0200
Cannot render console from ::ffff:196.218.95.82! Allowed networks: 127.0.0.1, ::1, 127.0.0.0/127.255.255.255
Processing by Api::V1::CarsController#index as JSON
Locale = en
  Rendering api/v1/cars/index.json.jbuilder within layouts/jsend
  [1m[36mCar Load (0.3ms)[0m  [1m[34mSELECT  "cars".* FROM "cars" ORDER BY "cars"."created_at" DESC LIMIT ? OFFSET ?[0m  [["LIMIT", 25], ["OFFSET", 0]]
  Rendered api/v1/cars/_car.json.jbuilder (0.9ms)
  Rendered api/v1/cars/index.json.jbuilder within layouts/jsend (4.9ms)
Completed 200 OK in 16ms (Views: 12.9ms | ActiveRecord: 0.3ms)


Started GET "/api/v1/cars" for ::ffff:197.45.156.216 at 2018-03-05 11:58:51 +0200
Cannot render console from ::ffff:197.45.156.216! Allowed networks: 127.0.0.1, ::1, 127.0.0.0/127.255.255.255
Processing by Api::V1::CarsController#index as JSON
Locale = en
  Rendering api/v1/cars/index.json.jbuilder within layouts/jsend
  [1m[36mCar Load (0.8ms)[0m  [1m[34mSELECT  "cars".* FROM "cars" ORDER BY "cars"."created_at" DESC LIMIT ? OFFSET ?[0m  [["LIMIT", 25], ["OFFSET", 0]]
  Rendered api/v1/cars/_car.json.jbuilder (1.8ms)
  Rendered api/v1/cars/index.json.jbuilder within layouts/jsend (12.7ms)
Completed 200 OK in 29ms (Views: 24.9ms | ActiveRecord: 0.8ms)


Started GET "/api/v1/cars" for ::ffff:197.45.156.216 at 2018-03-05 11:59:56 +0200
Cannot render console from ::ffff:197.45.156.216! Allowed networks: 127.0.0.1, ::1, 127.0.0.0/127.255.255.255
Processing by Api::V1::CarsController#index as JSON
Locale = en
  Rendering api/v1/cars/index.json.jbuilder within layouts/jsend
  [1m[36mCar Load (0.8ms)[0m  [1m[34mSELECT  "cars".* FROM "cars" ORDER BY "cars"."created_at" DESC LIMIT ? OFFSET ?[0m  [["LIMIT", 25], ["OFFSET", 0]]
  Rendered api/v1/cars/_car.json.jbuilder (3.7ms)
  Rendered api/v1/cars/index.json.jbuilder within layouts/jsend (9.7ms)
Completed 200 OK in 20ms (Views: 15.9ms | ActiveRecord: 0.8ms)


Started GET "/api/v1/cars" for ::ffff:196.221.181.240 at 2018-03-05 12:00:35 +0200
Cannot render console from ::ffff:196.221.181.240! Allowed networks: 127.0.0.1, ::1, 127.0.0.0/127.255.255.255
Processing by Api::V1::CarsController#index as JSON
Locale = en
  Rendering api/v1/cars/index.json.jbuilder within layouts/jsend
  [1m[36mCar Load (0.3ms)[0m  [1m[34mSELECT  "cars".* FROM "cars" ORDER BY "cars"."created_at" DESC LIMIT ? OFFSET ?[0m  [["LIMIT", 25], ["OFFSET", 0]]
  Rendered api/v1/cars/_car.json.jbuilder (0.7ms)
  Rendered api/v1/cars/index.json.jbuilder within layouts/jsend (2.9ms)
Completed 200 OK in 8ms (Views: 5.4ms | ActiveRecord: 0.3ms)


Started GET "/api/v1/cars" for ::ffff:196.221.181.240 at 2018-03-05 12:03:51 +0200
Cannot render console from ::ffff:196.221.181.240! Allowed networks: 127.0.0.1, ::1, 127.0.0.0/127.255.255.255
Processing by Api::V1::CarsController#index as JSON
Locale = en
  Rendering api/v1/cars/index.json.jbuilder within layouts/jsend
  [1m[36mCar Load (1.4ms)[0m  [1m[34mSELECT  "cars".* FROM "cars" ORDER BY "cars"."created_at" DESC LIMIT ? OFFSET ?[0m  [["LIMIT", 25], ["OFFSET", 0]]
  Rendered api/v1/cars/_car.json.jbuilder (2.2ms)
  Rendered api/v1/cars/index.json.jbuilder within layouts/jsend (12.3ms)
Completed 200 OK in 25ms (Views: 19.8ms | ActiveRecord: 1.4ms)


Started GET "/api/v1/cars" for ::ffff:196.218.95.82 at 2018-03-05 12:03:56 +0200
Cannot render console from ::ffff:196.218.95.82! Allowed networks: 127.0.0.1, ::1, 127.0.0.0/127.255.255.255
Processing by Api::V1::CarsController#index as JSON
Locale = en
  Rendering api/v1/cars/index.json.jbuilder within layouts/jsend
  [1m[36mCar Load (0.5ms)[0m  [1m[34mSELECT  "cars".* FROM "cars" ORDER BY "cars"."created_at" DESC LIMIT ? OFFSET ?[0m  [["LIMIT", 25], ["OFFSET", 0]]
  Rendered api/v1/cars/_car.json.jbuilder (0.9ms)
  Rendered api/v1/cars/index.json.jbuilder within layouts/jsend (4.8ms)
Completed 200 OK in 19ms (Views: 11.7ms | ActiveRecord: 0.5ms)


Started GET "/api/v1/cars" for ::ffff:196.218.95.82 at 2018-03-05 12:08:25 +0200
Cannot render console from ::ffff:196.218.95.82! Allowed networks: 127.0.0.1, ::1, 127.0.0.0/127.255.255.255
Processing by Api::V1::CarsController#index as JSON
Locale = en
  Rendering api/v1/cars/index.json.jbuilder within layouts/jsend
  [1m[36mCar Load (0.4ms)[0m  [1m[34mSELECT  "cars".* FROM "cars" ORDER BY "cars"."created_at" DESC LIMIT ? OFFSET ?[0m  [["LIMIT", 25], ["OFFSET", 0]]
  Rendered api/v1/cars/_car.json.jbuilder (0.7ms)
  Rendered api/v1/cars/index.json.jbuilder within layouts/jsend (3.1ms)
Completed 200 OK in 7ms (Views: 5.7ms | ActiveRecord: 0.4ms)


Started GET "/api/v1/cars" for ::ffff:196.218.95.82 at 2018-03-05 12:08:42 +0200
Cannot render console from ::ffff:196.218.95.82! Allowed networks: 127.0.0.1, ::1, 127.0.0.0/127.255.255.255
Processing by Api::V1::CarsController#index as JSON
Locale = en
  Rendering api/v1/cars/index.json.jbuilder within layouts/jsend
  [1m[36mCar Load (1.1ms)[0m  [1m[34mSELECT  "cars".* FROM "cars" ORDER BY "cars"."created_at" DESC LIMIT ? OFFSET ?[0m  [["LIMIT", 25], ["OFFSET", 0]]
  Rendered api/v1/cars/_car.json.jbuilder (2.3ms)
  Rendered api/v1/cars/index.json.jbuilder within layouts/jsend (12.3ms)
Completed 200 OK in 29ms (Views: 22.5ms | ActiveRecord: 1.1ms)


Started GET "/api/v1/cars" for ::ffff:196.221.181.240 at 2018-03-05 12:09:34 +0200
Cannot render console from ::ffff:196.221.181.240! Allowed networks: 127.0.0.1, ::1, 127.0.0.0/127.255.255.255
Processing by Api::V1::CarsController#index as JSON
Locale = en
  Rendering api/v1/cars/index.json.jbuilder within layouts/jsend
  [1m[36mCar Load (0.2ms)[0m  [1m[34mSELECT  "cars".* FROM "cars" ORDER BY "cars"."created_at" DESC LIMIT ? OFFSET ?[0m  [["LIMIT", 25], ["OFFSET", 0]]
  Rendered api/v1/cars/_car.json.jbuilder (0.4ms)
  Rendered api/v1/cars/index.json.jbuilder within layouts/jsend (1.7ms)
Completed 200 OK in 4ms (Views: 3.0ms | ActiveRecord: 0.2ms)


Started GET "/api/v1/cars" for ::ffff:197.45.156.216 at 2018-03-05 12:10:41 +0200
Cannot render console from ::ffff:197.45.156.216! Allowed networks: 127.0.0.1, ::1, 127.0.0.0/127.255.255.255
Processing by Api::V1::CarsController#index as JSON
Locale = en
  Rendering api/v1/cars/index.json.jbuilder within layouts/jsend
  [1m[36mCar Load (0.5ms)[0m  [1m[34mSELECT  "cars".* FROM "cars" ORDER BY "cars"."created_at" DESC LIMIT ? OFFSET ?[0m  [["LIMIT", 25], ["OFFSET", 0]]
  Rendered api/v1/cars/_car.json.jbuilder (1.7ms)
  Rendered api/v1/cars/index.json.jbuilder within layouts/jsend (6.2ms)
Completed 200 OK in 23ms (Views: 11.0ms | ActiveRecord: 0.5ms)


Started GET "/api/v1/cars" for ::ffff:196.221.181.240 at 2018-03-05 12:12:58 +0200
Cannot render console from ::ffff:196.221.181.240! Allowed networks: 127.0.0.1, ::1, 127.0.0.0/127.255.255.255
Processing by Api::V1::CarsController#index as JSON
Locale = en
  Rendering api/v1/cars/index.json.jbuilder within layouts/jsend
  [1m[36mCar Load (0.4ms)[0m  [1m[34mSELECT  "cars".* FROM "cars" ORDER BY "cars"."created_at" DESC LIMIT ? OFFSET ?[0m  [["LIMIT", 25], ["OFFSET", 0]]
  Rendered api/v1/cars/_car.json.jbuilder (1.0ms)
  Rendered api/v1/cars/index.json.jbuilder within layouts/jsend (9.0ms)
Completed 200 OK in 26ms (Views: 13.5ms | ActiveRecord: 0.4ms)


Started GET "/api/v1/cars" for ::ffff:196.218.95.82 at 2018-03-05 12:14:21 +0200
Cannot render console from ::ffff:196.218.95.82! Allowed networks: 127.0.0.1, ::1, 127.0.0.0/127.255.255.255
Processing by Api::V1::CarsController#index as JSON
Locale = en
  Rendering api/v1/cars/index.json.jbuilder within layouts/jsend
  [1m[36mCar Load (1.1ms)[0m  [1m[34mSELECT  "cars".* FROM "cars" ORDER BY "cars"."created_at" DESC LIMIT ? OFFSET ?[0m  [["LIMIT", 25], ["OFFSET", 0]]
  Rendered api/v1/cars/_car.json.jbuilder (3.0ms)
  Rendered api/v1/cars/index.json.jbuilder within layouts/jsend (19.5ms)
Completed 200 OK in 36ms (Views: 30.6ms | ActiveRecord: 1.1ms)


Started GET "/api/v1/cars" for ::ffff:196.218.95.82 at 2018-03-05 12:17:02 +0200
Cannot render console from ::ffff:196.218.95.82! Allowed networks: 127.0.0.1, ::1, 127.0.0.0/127.255.255.255
Processing by Api::V1::CarsController#index as JSON
Locale = en
  Rendering api/v1/cars/index.json.jbuilder within layouts/jsend
  [1m[36mCar Load (0.2ms)[0m  [1m[34mSELECT  "cars".* FROM "cars" ORDER BY "cars"."created_at" DESC LIMIT ? OFFSET ?[0m  [["LIMIT", 25], ["OFFSET", 0]]
  Rendered api/v1/cars/_car.json.jbuilder (0.6ms)
  Rendered api/v1/cars/index.json.jbuilder within layouts/jsend (3.0ms)
Completed 200 OK in 7ms (Views: 5.5ms | ActiveRecord: 0.2ms)


Started GET "/api/v1/cars" for ::ffff:196.221.181.240 at 2018-03-05 12:17:08 +0200
Cannot render console from ::ffff:196.221.181.240! Allowed networks: 127.0.0.1, ::1, 127.0.0.0/127.255.255.255
Processing by Api::V1::CarsController#index as JSON
Locale = en
  Rendering api/v1/cars/index.json.jbuilder within layouts/jsend
  [1m[36mCar Load (1.2ms)[0m  [1m[34mSELECT  "cars".* FROM "cars" ORDER BY "cars"."created_at" DESC LIMIT ? OFFSET ?[0m  [["LIMIT", 25], ["OFFSET", 0]]
  Rendered api/v1/cars/_car.json.jbuilder (3.2ms)
  Rendered api/v1/cars/index.json.jbuilder within layouts/jsend (13.5ms)
Completed 200 OK in 31ms (Views: 24.8ms | ActiveRecord: 1.2ms)


Started GET "/api/v1/cars" for ::ffff:196.218.95.82 at 2018-03-05 12:17:56 +0200
Cannot render console from ::ffff:196.218.95.82! Allowed networks: 127.0.0.1, ::1, 127.0.0.0/127.255.255.255
Processing by Api::V1::CarsController#index as JSON
Locale = en
  Rendering api/v1/cars/index.json.jbuilder within layouts/jsend
  [1m[36mCar Load (0.2ms)[0m  [1m[34mSELECT  "cars".* FROM "cars" ORDER BY "cars"."created_at" DESC LIMIT ? OFFSET ?[0m  [["LIMIT", 25], ["OFFSET", 0]]
  Rendered api/v1/cars/_car.json.jbuilder (0.6ms)
  Rendered api/v1/cars/index.json.jbuilder within layouts/jsend (2.2ms)
Completed 200 OK in 5ms (Views: 3.8ms | ActiveRecord: 0.2ms)


Started GET "/api/v1/cars" for ::ffff:196.221.181.240 at 2018-03-05 12:18:02 +0200
Cannot render console from ::ffff:196.221.181.240! Allowed networks: 127.0.0.1, ::1, 127.0.0.0/127.255.255.255
Processing by Api::V1::CarsController#index as JSON
Locale = en
  Rendering api/v1/cars/index.json.jbuilder within layouts/jsend
  [1m[36mCar Load (0.5ms)[0m  [1m[34mSELECT  "cars".* FROM "cars" ORDER BY "cars"."created_at" DESC LIMIT ? OFFSET ?[0m  [["LIMIT", 25], ["OFFSET", 0]]
  Rendered api/v1/cars/_car.json.jbuilder (0.7ms)
  Rendered api/v1/cars/index.json.jbuilder within layouts/jsend (3.9ms)
Completed 200 OK in 13ms (Views: 8.0ms | ActiveRecord: 0.5ms)


Started GET "/api/v1/cars" for ::ffff:196.221.181.240 at 2018-03-05 12:19:45 +0200
Cannot render console from ::ffff:196.221.181.240! Allowed networks: 127.0.0.1, ::1, 127.0.0.0/127.255.255.255
Processing by Api::V1::CarsController#index as JSON
Locale = en
  Rendering api/v1/cars/index.json.jbuilder within layouts/jsend
  [1m[36mCar Load (0.9ms)[0m  [1m[34mSELECT  "cars".* FROM "cars" ORDER BY "cars"."created_at" DESC LIMIT ? OFFSET ?[0m  [["LIMIT", 25], ["OFFSET", 0]]
  Rendered api/v1/cars/_car.json.jbuilder (1.7ms)
  Rendered api/v1/cars/index.json.jbuilder within layouts/jsend (8.1ms)
Completed 200 OK in 19ms (Views: 14.3ms | ActiveRecord: 0.9ms)


Started GET "/api/v1/cars" for ::ffff:197.45.156.216 at 2018-03-05 12:23:19 +0200
Cannot render console from ::ffff:197.45.156.216! Allowed networks: 127.0.0.1, ::1, 127.0.0.0/127.255.255.255
Processing by Api::V1::CarsController#index as JSON
Locale = en
  Rendering api/v1/cars/index.json.jbuilder within layouts/jsend
  [1m[36mCar Load (0.6ms)[0m  [1m[34mSELECT  "cars".* FROM "cars" ORDER BY "cars"."created_at" DESC LIMIT ? OFFSET ?[0m  [["LIMIT", 25], ["OFFSET", 0]]
  Rendered api/v1/cars/_car.json.jbuilder (1.3ms)
  Rendered api/v1/cars/index.json.jbuilder within layouts/jsend (5.5ms)
Completed 200 OK in 13ms (Views: 10.1ms | ActiveRecord: 0.6ms)


Started GET "/" for 127.0.0.1 at 2018-03-05 12:25:06 +0200
Processing by Rails::WelcomeController#index as HTML
  Rendering /home/raafat/.rbenv/versions/2.3.5/lib/ruby/gems/2.3.0/gems/railties-5.1.5/lib/rails/templates/rails/welcome/index.html.erb
  Rendered /home/raafat/.rbenv/versions/2.3.5/lib/ruby/gems/2.3.0/gems/railties-5.1.5/lib/rails/templates/rails/welcome/index.html.erb (2.5ms)
Completed 200 OK in 6ms (Views: 3.7ms)


Started GET "/api/v1/cars" for 127.0.0.1 at 2018-03-05 12:25:12 +0200
Processing by Api::V1::CarsController#index as JSON
Locale = en
  Rendering api/v1/cars/index.json.jbuilder within layouts/jsend
  [1m[36mCar Load (0.2ms)[0m  [1m[34mSELECT  "cars".* FROM "cars" ORDER BY "cars"."created_at" DESC LIMIT ? OFFSET ?[0m  [["LIMIT", 25], ["OFFSET", 0]]
  Rendered api/v1/cars/_car.json.jbuilder (0.6ms)
  Rendered api/v1/cars/index.json.jbuilder within layouts/jsend (8.1ms)
Completed 200 OK in 16ms (Views: 10.2ms | ActiveRecord: 0.9ms)


Started GET "/api/v1/cars" for ::ffff:197.45.156.216 at 2018-03-05 12:25:21 +0200
Cannot render console from ::ffff:197.45.156.216! Allowed networks: 127.0.0.1, ::1, 127.0.0.0/127.255.255.255
Processing by Api::V1::CarsController#index as JSON
Locale = en
  Rendering api/v1/cars/index.json.jbuilder within layouts/jsend
  [1m[36mCar Load (0.7ms)[0m  [1m[34mSELECT  "cars".* FROM "cars" ORDER BY "cars"."created_at" DESC LIMIT ? OFFSET ?[0m  [["LIMIT", 25], ["OFFSET", 0]]
  Rendered api/v1/cars/_car.json.jbuilder (1.9ms)
  Rendered api/v1/cars/index.json.jbuilder within layouts/jsend (9.0ms)
Completed 200 OK in 22ms (Views: 15.9ms | ActiveRecord: 0.7ms)


